[0m23:02:33.706358 [debug] [MainThread]: Sending event: {'category': 'dbt', 'action': 'invocation', 'label': 'start', 'context': [<snowplow_tracker.self_describing_json.SelfDescribingJson object at 0x104730700>, <snowplow_tracker.self_describing_json.SelfDescribingJson object at 0x1056e7d60>, <snowplow_tracker.self_describing_json.SelfDescribingJson object at 0x1056e5570>]}


============================== 23:02:33.719072 | 21ee0f98-a9c8-45b8-836a-7983798285b1 ==============================
[0m23:02:33.719072 [info ] [MainThread]: Running with dbt=1.11.8
[0m23:02:33.719337 [debug] [MainThread]: running dbt with arguments {'log_format': 'default', 'profiles_dir': '/Users/preethikaluva/.dbt', 'indirect_selection': 'eager', 'invocation_command': 'dbt init pipeline_monitor', 'warn_error_options': 'WarnErrorOptionsV2(error=[], warn=[], silence=[])', 'log_cache_events': 'False', 'no_print': 'None', 'static_parser': 'True', 'write_json': 'True', 'version_check': 'True', 'send_anonymous_usage_stats': 'True', 'target_path': 'None', 'fail_fast': 'False', 'cache_selected_only': 'False', 'use_colors': 'True', 'printer_width': '80', 'warn_error': 'None', 'partial_parse': 'True', 'empty': 'None', 'log_path': 'logs', 'quiet': 'False', 'introspect': 'True', 'debug': 'False', 'use_experimental_parser': 'False'}
[0m23:02:33.770382 [debug] [MainThread]: Starter project path: /Users/preethikaluva/Documents/Projects/pipeline_health_monitor/.venv/lib/python3.10/site-packages/dbt/include/starter_project
[0m23:02:33.777736 [info ] [MainThread]: 
Your new dbt project "pipeline_monitor" was created!

For more information on how to configure the profiles.yml file,
please consult the dbt documentation here:

  https://docs.getdbt.com/docs/configure-your-profile

One more thing:

Need help? Don't hesitate to reach out to us via GitHub issues or on Slack:

  https://community.getdbt.com/

Happy modeling!

[0m23:02:33.777997 [info ] [MainThread]: Setting up your profile.
[0m23:02:39.819416 [debug] [MainThread]: Snowflake adapter: Setting snowflake.connector to ERROR (file logging only)
[0m23:02:39.819984 [debug] [MainThread]: Snowflake adapter: Setting botocore to ERROR (file logging only)
[0m23:02:39.820234 [debug] [MainThread]: Snowflake adapter: Setting boto3 to ERROR (file logging only)
[0m23:03:31.131017 [info ] [MainThread]: Profile pipeline_monitor written to /Users/preethikaluva/.dbt/profiles.yml using target's profile_template.yml and your supplied values. Run 'dbt debug' to validate the connection.
[0m23:03:31.134419 [debug] [MainThread]: Resource report: {"command_name": "init", "command_success": true, "command_wall_clock_time": 57.470913, "process_in_blocks": "0", "process_kernel_time": 0.385962, "process_mem_max_rss": "145047552", "process_out_blocks": "0", "process_user_time": 1.390246}
[0m23:03:31.137373 [debug] [MainThread]: Command `dbt init` succeeded at 23:03:31.137049 after 57.47 seconds
[0m23:03:31.138439 [debug] [MainThread]: Sending event: {'category': 'dbt', 'action': 'invocation', 'label': 'end', 'context': [<snowplow_tracker.self_describing_json.SelfDescribingJson object at 0x104730700>, <snowplow_tracker.self_describing_json.SelfDescribingJson object at 0x10503a350>, <snowplow_tracker.self_describing_json.SelfDescribingJson object at 0x103eb18d0>]}
[0m23:03:31.139094 [debug] [MainThread]: Flushing usage events
[0m23:03:31.433863 [debug] [MainThread]: An error was encountered while trying to flush usage events
